{"level":"error","message":"Ruta inválida: /public/avatares/undefined, metodo: GET"}
{"level":"error","message":"Ruta inválida: /public/avatares/undefined, metodo: GET"}
{"level":"error","message":"Ruta inválida: /public/avatares/undefined, metodo: GET"}
{"level":"error","message":"Ruta inválida: /public/avatares/undefined, metodo: GET"}
{"level":"error","message":"Ruta inválida: /public/avatares/undefined, metodo: GET"}
{"level":"error","message":"Ruta inválida: /public/avatares/undefined, metodo: GET"}
{"level":"error","message":"Ruta inválida: /public/avatares/undefined, metodo: GET"}
{"level":"error","message":"Ruta inválida: /public/avatares/undefined, metodo: GET"}
{"level":"error","message":"Ruta inválida: /public/avatares/undefined, metodo: GET"}
{"level":"warn","message":"Token inválido"}
{"level":"warn","message":"Token inválido"}
{"level":"error","message":"Ruta inválida: /public/avatares/undefined, metodo: GET"}
{"level":"warn","message":"Token inválido"}
{"level":"warn","message":"Token inválido"}
{"level":"error","message":"Ruta inválida: /public/avatares/undefined, metodo: GET"}
{"level":"error","message":"Ruta inválida: /public/avatares/undefined, metodo: GET"}
{"level":"error","message":"Ruta inválida: /public/avatares/undefined, metodo: GET"}
{"level":"error","message":"Ruta inválida: /public/avatares/undefined, metodo: GET"}
{"level":"error","message":"Ruta inválida: /public/avatares/undefined, metodo: GET"}
{"level":"error","message":"Ruta inválida: /public/avatares/undefined, metodo: GET"}
{"level":"error","message":"Ruta inválida: /public/avatares/undefined, metodo: GET"}
{"level":"error","message":"Ruta inválida: /public/avatares/undefined, metodo: GET"}
{"level":"error","message":"Ruta inválida: /public/avatares/undefined, metodo: GET"}
{"level":"error","message":"Ruta inválida: /public/avatares/undefined, metodo: GET"}
{"level":"error","message":"Ruta inválida: /public/avatares/undefined, metodo: GET"}
{"level":"error","message":"Ruta inválida: /public/avatares/undefined, metodo: GET"}
{"level":"error","message":"Ruta inválida: /public/avatares/undefined, metodo: GET"}
{"level":"error","message":"Ruta inválida: /public/avatares/undefined, metodo: GET"}
{"level":"error","message":"Ruta inválida: /carrito/FINAL/front/ecommerce/node_modules/resolve-url-loader/node_modules/postcss/lib/input.js, metodo: GET"}
{"level":"error","message":"Ruta inválida: /carrito/FINAL/front/ecommerce/node_modules/resolve-url-loader/index.js, metodo: GET"}
{"level":"error","message":"Ruta inválida: /public/avatares/undefined, metodo: GET"}
{"level":"error","message":"Ruta inválida: /public/avatares/undefined, metodo: GET"}
{"level":"error","message":"Ruta inválida: /sweetalert2/dist/sweetalert2.min.js, metodo: GET"}
{"level":"error","message":"Ruta inválida: /@sweetalert2/themes/dark/dark.css, metodo: GET"}
{"level":"error","message":"Ruta inválida: /public/avatares/undefined, metodo: GET"}
{"level":"error","message":"Ruta inválida: /productos/@sweetalert2/themes/dark/dark.css, metodo: GET"}
{"level":"error","message":"Ruta inválida: /productos/sweetalert2/dist/sweetalert2.min.js, metodo: GET"}
{"level":"error","message":"Ruta inválida: /public/avatares/undefined, metodo: GET"}
{"level":"error","message":"Ruta inválida: /productos/@sweetalert2/themes/bulma/bulma.css, metodo: GET"}
{"level":"error","message":"Ruta inválida: /productos/sweetalert2/dist/sweetalert2.min.js, metodo: GET"}
{"level":"error","message":"Ruta inválida: /public/avatares/undefined, metodo: GET"}
{"level":"error","message":"Ruta inválida: /productos/@sweetalert2/theme-bulma/bulma.css, metodo: GET"}
{"level":"error","message":"Ruta inválida: /productos/sweetalert2/dist/sweetalert2.min.js, metodo: GET"}
{"level":"error","message":"Ruta inválida: /public/avatares/undefined, metodo: GET"}
{"level":"error","message":"Ruta inválida: /@sweetalert2/theme-bulma/bulma.css, metodo: GET"}
{"level":"error","message":"Ruta inválida: /sweetalert2/dist/sweetalert2.min.js, metodo: GET"}
{"level":"error","message":"Ruta inválida: /public/avatares/undefined, metodo: GET"}
{"level":"error","message":"Ruta inválida: /public/avatares/undefined, metodo: GET"}
{"level":"error","message":"Ruta inválida: /public/avatares/undefined, metodo: GET"}
{"level":"error","message":"Ruta inválida: /public/avatares/undefined, metodo: GET"}
{"level":"error","message":"Ruta inválida: /public/avatares/undefined, metodo: GET"}
{"level":"warn","message":"Token inválido"}
{"level":"warn","message":"Token inválido"}
{"level":"error","message":"Ruta inválida: /public/avatares/undefined, metodo: GET"}
{"level":"error","message":"Ruta inválida: /public/avatares/undefined, metodo: GET"}
{"level":"error","message":"Ruta inválida: /favicon.ico, metodo: GET"}
{"level":"error","message":"connect ECONNREFUSED 127.0.0.1:27017","reason":{"compatible":true,"heartbeatFrequencyMS":10000,"localThresholdMS":15,"servers":{},"stale":false,"type":"Unknown"}}
{"level":"error","message":"connect ECONNREFUSED 127.0.0.1:27017","reason":{"compatible":true,"heartbeatFrequencyMS":10000,"localThresholdMS":15,"servers":{},"stale":false,"type":"Unknown"}}
{"level":"error","message":"connect ECONNREFUSED 127.0.0.1:27017","reason":{"compatible":true,"heartbeatFrequencyMS":10000,"localThresholdMS":15,"servers":{},"stale":false,"type":"Unknown"}}
{"level":"error","message":"connect ECONNREFUSED 127.0.0.1:27017","reason":{"compatible":true,"heartbeatFrequencyMS":10000,"localThresholdMS":15,"servers":{},"stale":false,"type":"Unknown"}}
{"level":"error","message":"connect ECONNREFUSED 127.0.0.1:27017","reason":{"compatible":true,"heartbeatFrequencyMS":10000,"localThresholdMS":15,"servers":{},"stale":false,"type":"Unknown"}}
{"level":"error","message":"connect ECONNREFUSED 127.0.0.1:27017","reason":{"compatible":true,"heartbeatFrequencyMS":10000,"localThresholdMS":15,"servers":{},"stale":false,"type":"Unknown"}}
{"level":"error","message":"connect ECONNREFUSED 127.0.0.1:27017","reason":{"compatible":true,"heartbeatFrequencyMS":10000,"localThresholdMS":15,"servers":{},"stale":false,"type":"Unknown"}}
{"level":"error","message":"connect ECONNREFUSED 127.0.0.1:27017","reason":{"compatible":true,"heartbeatFrequencyMS":10000,"localThresholdMS":15,"servers":{},"stale":false,"type":"Unknown"}}
{"level":"error","message":"connect ECONNREFUSED 127.0.0.1:27017","reason":{"compatible":true,"heartbeatFrequencyMS":10000,"localThresholdMS":15,"servers":{},"stale":false,"type":"Unknown"}}
{"level":"error","message":"Ruta inválida: /public/avatares/undefined, metodo: GET"}
{"level":"error","message":"Ruta inválida: /public/avatares/undefined, metodo: GET"}
{"level":"error","message":"Ruta inválida: /public/avatares/undefined, metodo: GET"}
{"level":"error","message":"Ruta inválida: /public/avatares/undefined, metodo: GET"}
{"level":"error","message":"Ruta inválida: /public/avatares/undefined, metodo: GET"}
{"level":"error","message":"Ruta inválida: /public/avatares/undefined, metodo: GET"}
